<?xml version="1.0" encoding="UTF-8"?>
<!-- Generated by org.testng.reporters.JUnitReportReporter -->
<testsuite hostname="LTIN518329" failures="0" tests="1" name="testfiles.TC_001_HolidayHomes" time="19.796" errors="0" timestamp="2024-06-16T15:21:36 IST" skipped="0">
  <testcase classname="testfiles.TC_001_HolidayHomes" name="testForHolidayHomes" time="19.796"/>
</testsuite> <!-- testfiles.TC_001_HolidayHomes -->
