<?xml version="1.0" encoding="UTF-8"?>
<!-- Generated by org.testng.reporters.JUnitReportReporter -->
<testsuite hostname="LTIN518946" failures="0" tests="1" name="testCases.TC002_SearchResults" time="28.456" errors="0" timestamp="2024-06-21T10:03:02 IST" skipped="0">
  <testcase classname="testCases.TC002_SearchResults" name="searchResults" time="28.456"/>
</testsuite> <!-- testCases.TC002_SearchResults -->
