<?xml version="1.0" encoding="UTF-8"?>
<!-- Generated by org.testng.reporters.JUnitReportReporter -->
<testsuite hostname="LTIN518946" failures="0" tests="1" name="testfiles.TS_002_CruiseBooking" time="32.374" errors="0" timestamp="2024-06-17T15:59:13 IST" skipped="0">
  <testcase classname="testfiles.TS_002_CruiseBooking" name="testForCruise" time="32.374"/>
</testsuite> <!-- testfiles.TS_002_CruiseBooking -->
