<?xml version="1.0" encoding="UTF-8"?>
<!-- Generated by org.testng.reporters.JUnitReportReporter -->
<testsuite hostname="LTIN518946" failures="0" tests="1" name="testfiles.TC001_HolidayHome" time="8.888" errors="0" timestamp="2024-06-18T10:45:13 IST" skipped="0">
  <testcase classname="testfiles.TC001_HolidayHome" name="testForHolidayHomes" time="8.888"/>
</testsuite> <!-- testfiles.TC001_HolidayHome -->
