<?xml version="1.0" encoding="UTF-8"?>
<!-- Generated by org.testng.reporters.JUnitReportReporter -->
<testsuite hostname="LTIN518946" failures="0" tests="1" name="testCases.TC001_HolidayHome" time="13.386" errors="0" timestamp="2024-06-21T10:03:02 IST" skipped="0">
  <testcase classname="testCases.TC001_HolidayHome" name="testForHolidayHomes" time="13.386"/>
</testsuite> <!-- testCases.TC001_HolidayHome -->
