<?xml version="1.0" encoding="UTF-8"?>
<!-- Generated by org.testng.reporters.JUnitReportReporter -->
<testsuite hostname="LTIN518329" failures="0" tests="1" name="testfiles.TC_002_CruiseBooking" time="24.309" errors="0" timestamp="2024-06-16T15:21:36 IST" skipped="0">
  <testcase classname="testfiles.TC_002_CruiseBooking" name="testForCruise" time="24.309"/>
</testsuite> <!-- testfiles.TC_002_CruiseBooking -->
