<?xml version="1.0" encoding="UTF-8"?>
<!-- Generated by org.testng.reporters.JUnitReportReporter -->
<testsuite hostname="LTIN518946" failures="0" tests="1" name="testfiles.TC001_HolidayHomes" time="10.231" errors="0" timestamp="2024-06-17T15:59:13 IST" skipped="0">
  <testcase classname="testfiles.TC001_HolidayHomes" name="testForHolidayHomes" time="10.231"/>
</testsuite> <!-- testfiles.TC001_HolidayHomes -->
