<?xml version="1.0" encoding="UTF-8"?>
<!-- Generated by org.testng.reporters.JUnitReportReporter -->
<testsuite hostname="LTIN518946" failures="0" tests="1" name="testCases.TC004_CruiseResults" time="6.529" errors="0" timestamp="2024-06-21T10:03:02 IST" skipped="0">
  <testcase classname="testCases.TC004_CruiseResults" name="getCruiseResults" time="6.529"/>
</testsuite> <!-- testCases.TC004_CruiseResults -->
