<?xml version="1.0" encoding="UTF-8"?>
<!-- Generated by org.testng.reporters.JUnitReportReporter -->
<testsuite hostname="LTIN518946" failures="0" tests="1" name="testCases.TC005_CruiseDetails" time="4.169" errors="0" timestamp="2024-06-21T10:03:02 IST" skipped="0">
  <testcase classname="testCases.TC005_CruiseDetails" name="setCruiseDetails" time="4.169"/>
</testsuite> <!-- testCases.TC005_CruiseDetails -->
