<?xml version="1.0" encoding="UTF-8"?>
<!-- Generated by org.testng.reporters.JUnitReportReporter -->
<testsuite hostname="LTIN518946" failures="0" tests="1" name="testfiles.TS_001_HolidayHomes" time="26.120" errors="0" timestamp="2024-06-17T15:17:12 IST" skipped="0">
  <testcase classname="testfiles.TS_001_HolidayHomes" name="testForHolidayHomes" time="26.120"/>
</testsuite> <!-- testfiles.TS_001_HolidayHomes -->
